<?xml version="1.0" encoding="UTF-8" standalone="no"?>
<!DOCTYPE log SYSTEM "logger.dtd">
<log>
<record>
  <date>2018-05-21T21:58:03</date>
  <millis>1526957883028</millis>
  <sequence>0</sequence>
  <logger>myschedule</logger>
  <level>INFO</level>
  <class>myschedule.service.Logging</class>
  <method>write</method>
  <thread>17</thread>
  <message>Starting application...</message>
</record>
<record>
  <date>2018-05-21T21:58:12</date>
  <millis>1526957892105</millis>
  <sequence>1</sequence>
  <logger>myschedule</logger>
  <level>INFO</level>
  <class>myschedule.service.Logging</class>
  <method>write</method>
  <thread>17</thread>
  <message>Attempting login...</message>
</record>
<record>
  <date>2018-05-21T21:58:38</date>
  <millis>1526957918651</millis>
  <sequence>2</sequence>
  <logger>myschedule</logger>
  <level>INFO</level>
  <class>myschedule.service.Logging</class>
  <method>write</method>
  <thread>17</thread>
  <message>bradd has logged in</message>
</record>
</log>
